
Nov 07, 2017 17:32:47.13 NEW SESSION
Nov 07, 2017 17:32:47.13 [17138:17177:1107/173247.137000:ERROR:browser_gpu_channel_host_factory.cc(103)] Failed to launch GPU process.
Nov 07, 2017 17:32:47.20 Created new window in existing browser session.
Nov 07, 2017 17:34:05.99 [17346:17385:1107/173405.992072:ERROR:browser_gpu_channel_host_factory.cc(103)] Failed to launch GPU process.
Nov 07, 2017 17:34:06.06 Created new window in existing browser session.
Nov 07, 2017 17:34:17.11 [17432:17471:1107/173417.118824:ERROR:browser_gpu_channel_host_factory.cc(103)] Failed to launch GPU process.
Nov 07, 2017 17:34:17.21 Created new window in existing browser session.
Nov 07, 2017 17:38:00.13 [17713:17752:1107/173800.134637:ERROR:browser_gpu_channel_host_factory.cc(103)] Failed to launch GPU process.
Nov 07, 2017 17:38:00.19 Created new window in existing browser session.
Nov 07, 2017 17:38:52.27 [17822:17861:1107/173852.276274:ERROR:browser_gpu_channel_host_factory.cc(103)] Failed to launch GPU process.
Nov 07, 2017 17:38:52.35 Created new window in existing browser session.
Nov 07, 2017 17:44:32.55 [18485:18524:1107/174432.554354:ERROR:browser_gpu_channel_host_factory.cc(103)] Failed to launch GPU process.
Nov 07, 2017 17:44:32.66 Created new window in existing browser session.
Nov 07, 2017 17:48:24.36 [18791:18830:1107/174824.366789:ERROR:browser_gpu_channel_host_factory.cc(103)] Failed to launch GPU process.
Nov 07, 2017 17:48:24.42 Created new window in existing browser session.
Nov 07, 2017 17:53:00.15 [19111:19151:1107/175300.156750:ERROR:browser_gpu_channel_host_factory.cc(103)] Failed to launch GPU process.
Nov 07, 2017 17:53:00.22 Created new window in existing browser session.
Nov 07, 2017 17:54:09.13 [19218:19259:1107/175409.132194:ERROR:browser_gpu_channel_host_factory.cc(103)] Failed to launch GPU process.
Nov 07, 2017 17:54:09.26 Created new window in existing browser session.
Nov 07, 2017 17:55:26.30 [19393:19432:1107/175526.300555:ERROR:browser_gpu_channel_host_factory.cc(103)] Failed to launch GPU process.
Nov 07, 2017 17:55:26.37 Created new window in existing browser session.
Nov 07, 2017 17:57:52.33 [19629:19669:1107/175752.331421:ERROR:browser_gpu_channel_host_factory.cc(103)] Failed to launch GPU process.
Nov 07, 2017 17:57:52.38 Created new window in existing browser session.
Nov 07, 2017 17:58:53.69 [19823:19862:1107/175853.699294:ERROR:browser_gpu_channel_host_factory.cc(103)] Failed to launch GPU process.
Nov 07, 2017 17:58:53.79 Created new window in existing browser session.
Nov 07, 2017 18:10:00.89 [20331:20370:1107/181000.893402:ERROR:browser_gpu_channel_host_factory.cc(103)] Failed to launch GPU process.
Nov 07, 2017 18:10:00.94 Created new window in existing browser session.
Nov 07, 2017 18:10:29.47 [20428:20467:1107/181029.470635:ERROR:browser_gpu_channel_host_factory.cc(103)] Failed to launch GPU process.
Nov 07, 2017 18:10:29.52 Created new window in existing browser session.
Nov 07, 2017 18:13:09.59 [20530:20570:1107/181309.594567:ERROR:browser_gpu_channel_host_factory.cc(103)] Failed to launch GPU process.
Nov 07, 2017 18:13:09.68 Created new window in existing browser session.
Nov 07, 2017 18:14:23.55 [20746:20785:1107/181423.559502:ERROR:browser_gpu_channel_host_factory.cc(103)] Failed to launch GPU process.
Nov 07, 2017 18:14:23.60 Created new window in existing browser session.
Nov 07, 2017 18:15:12.73 [20842:20881:1107/181512.735077:ERROR:browser_gpu_channel_host_factory.cc(103)] Failed to launch GPU process.
Nov 07, 2017 18:15:12.82 Created new window in existing browser session.
Nov 07, 2017 18:55:25.08 [22895:22934:1107/185525.084842:ERROR:browser_gpu_channel_host_factory.cc(103)] Failed to launch GPU process.
Nov 07, 2017 18:55:25.13 Created new window in existing browser session.
Nov 07, 2017 19:02:01.78 [23447:23486:1107/190201.783340:ERROR:browser_gpu_channel_host_factory.cc(103)] Failed to launch GPU process.
Nov 07, 2017 19:02:01.85 Created new window in existing browser session.
Nov 07, 2017 19:06:06.19 [23937:23976:1107/190606.197890:ERROR:browser_gpu_channel_host_factory.cc(103)] Failed to launch GPU process.
Nov 07, 2017 19:06:06.23 Created new window in existing browser session.
Nov 07, 2017 19:09:33.64 [24267:24307:1107/190933.641189:ERROR:browser_gpu_channel_host_factory.cc(103)] Failed to launch GPU process.
Nov 07, 2017 19:09:33.69 Created new window in existing browser session.
Nov 07, 2017 19:10:03.73 [24428:24467:1107/191003.737170:ERROR:browser_gpu_channel_host_factory.cc(103)] Failed to launch GPU process.
Nov 07, 2017 19:10:03.85 Created new window in existing browser session.
Nov 07, 2017 19:12:16.21 [24672:24712:1107/191216.219207:ERROR:browser_gpu_channel_host_factory.cc(103)] Failed to launch GPU process.
Nov 07, 2017 19:12:16.41 Created new window in existing browser session.
Nov 07, 2017 19:24:19.53 [25057:25096:1107/192419.532843:ERROR:browser_gpu_channel_host_factory.cc(103)] Failed to launch GPU process.
Nov 07, 2017 19:24:19.61 Created new window in existing browser session.
Nov 07, 2017 19:28:24.42 [25415:25454:1107/192824.428245:ERROR:browser_gpu_channel_host_factory.cc(103)] Failed to launch GPU process.
Nov 07, 2017 19:28:24.49 Created new window in existing browser session.
Nov 07, 2017 19:33:35.62 [25801:25840:1107/193335.629087:ERROR:browser_gpu_channel_host_factory.cc(103)] Failed to launch GPU process.
Nov 07, 2017 19:33:35.71 Created new window in existing browser session.
Nov 07, 2017 19:36:20.30 [26059:26098:1107/193620.305533:ERROR:browser_gpu_channel_host_factory.cc(103)] Failed to launch GPU process.
Nov 07, 2017 19:36:20.39 Created new window in existing browser session.
Nov 07, 2017 19:37:55.16 [26166:26206:1107/193755.165771:ERROR:browser_gpu_channel_host_factory.cc(103)] Failed to launch GPU process.
Nov 07, 2017 19:37:55.18 Created new window in existing browser session.
Nov 07, 2017 19:59:35.99 [27246:27285:1107/195935.991343:ERROR:browser_gpu_channel_host_factory.cc(103)] Failed to launch GPU process.
Nov 07, 2017 19:59:36.04 Created new window in existing browser session.

Nov 08, 2017 09:42:13.98 NEW SESSION
Nov 08, 2017 09:42:13.98 *** UTM:SVC TimerManager:registerTimer called after profile-before-change notification. Ignoring timer registration for id: recipe-client-addon-run
Nov 08, 2017 09:42:14.25 *** UTM:SVC TimerManager:registerTimer - id: telemetry_modules_ping
Nov 08, 2017 09:42:14.25 *** UTM:SVC TimerManager:registerTimer called after profile-before-change notification. Ignoring timer registration for id: telemetry_modules_ping
Nov 08, 2017 09:42:17.59 console.log: init received
Nov 08, 2017 12:17:21.07 1510123641075	addons.update-checker	WARN	Update manifest for firefox@getpocket.com did not contain an updates property
Nov 08, 2017 12:17:21.09 1510123641094	addons.update-checker	WARN	Update manifest for e10srollout@mozilla.org did not contain an updates property
Nov 08, 2017 12:17:21.23 1510123641234	addons.update-checker	WARN	Update manifest for aushelper@mozilla.org did not contain an updates property
Nov 08, 2017 12:17:21.35 1510123641350	addons.update-checker	WARN	Update manifest for clicktoplay-rollout@mozilla.org did not contain an updates property
Nov 08, 2017 12:17:21.41 1510123641417	addons.update-checker	WARN	Update manifest for followonsearch@mozilla.com did not contain an updates property
Nov 08, 2017 12:17:21.54 1510123641540	addons.update-checker	WARN	Update manifest for formautofill@mozilla.org did not contain an updates property
Nov 08, 2017 12:17:21.61 1510123641617	addons.update-checker	WARN	Update manifest for activity-stream@mozilla.org did not contain an updates property
Nov 08, 2017 12:17:21.66 1510123641667	addons.update-checker	WARN	Update manifest for onboarding@mozilla.org did not contain an updates property
Nov 08, 2017 12:17:21.68 1510123641684	addons.update-checker	WARN	Update manifest for {972ce4c6-7e08-4474-a285-3208198ce6fd} did not contain an updates property
Nov 08, 2017 12:17:22.03 1510123642035	addons.update-checker	WARN	Update manifest for taarexp@mozilla.com did not contain an updates property
Nov 08, 2017 12:17:22.25 1510123642255	addons.update-checker	WARN	Update manifest for webcompat@mozilla.org did not contain an updates property
Nov 08, 2017 12:17:24.85 console.log: Just disabled ubufox@ubuntu.com from other
Nov 08, 2017 16:14:17.59 console.error: 
Nov 08, 2017 16:14:17.67   Message: Error: Failed to fetch https://maxcdn.bootstrapcdn.com/bootstrap/3.3.7/css/bootstrap.min.css.map. Code 2152398850.
Nov 08, 2017 16:14:17.67   Stack:
Nov 08, 2017 16:14:17.67     onResponse@resource://gre/modules/commonjs/toolkit/loader.js -> resource://devtools/shared/DevToolsUtils.js:453:23
Nov 08, 2017 16:14:17.67 onStopRequest@resource://gre/modules/NetUtil.jsm:131:17
Nov 08, 2017 16:14:17.67 
Nov 08, 2017 16:14:17.67 onResponse@resource://gre/modules/commonjs/toolkit/loader.js -> resource://devtools/shared/DevToolsUtils.js:453:23
Nov 08, 2017 16:14:17.67 onStopRequest@resource://gre/modules/NetUtil.jsm:131:17
Nov 08, 2017 16:14:17.67 console.error: 
Nov 08, 2017 16:14:17.67   Protocol error (unknownError): Failed to fetch https://maxcdn.bootstrapcdn.com/bootstrap/3.3.7/css/bootstrap.min.css.map. Code 2152398850.
Nov 08, 2017 16:15:30.26 console.error: 
Nov 08, 2017 16:15:30.26   Message: Error: Failed to fetch https://maxcdn.bootstrapcdn.com/bootstrap/3.3.7/css/bootstrap.min.css.map. Code 2152398850.
Nov 08, 2017 16:15:30.26   Stack:
Nov 08, 2017 16:15:30.26     onResponse@resource://gre/modules/commonjs/toolkit/loader.js -> resource://devtools/shared/DevToolsUtils.js:453:23
Nov 08, 2017 16:15:30.26 onStopRequest@resource://gre/modules/NetUtil.jsm:131:17
Nov 08, 2017 16:15:30.26 
Nov 08, 2017 16:15:30.26 onResponse@resource://gre/modules/commonjs/toolkit/loader.js -> resource://devtools/shared/DevToolsUtils.js:453:23
Nov 08, 2017 16:15:30.26 onStopRequest@resource://gre/modules/NetUtil.jsm:131:17
Nov 08, 2017 16:15:30.29 console.error: 
Nov 08, 2017 16:15:30.29   Protocol error (unknownError): Failed to fetch https://maxcdn.bootstrapcdn.com/bootstrap/3.3.7/css/bootstrap.min.css.map. Code 2152398850.

Nov 08, 2017 17:17:11.74 NEW SESSION
Nov 08, 2017 17:17:11.74 *** UTM:SVC TimerManager:registerTimer called after profile-before-change notification. Ignoring timer registration for id: recipe-client-addon-run
Nov 08, 2017 17:17:12.08 *** UTM:SVC TimerManager:registerTimer - id: telemetry_modules_ping
Nov 08, 2017 17:17:12.08 *** UTM:SVC TimerManager:registerTimer called after profile-before-change notification. Ignoring timer registration for id: telemetry_modules_ping
Nov 08, 2017 17:17:15.48 console.log: init received
Nov 08, 2017 17:17:57.43 1510141677432	addons.xpi	WARN	Add-on sbv4-gradual-rollout@mozilla.com is missing bootstrap method install
Nov 08, 2017 17:17:57.46 console.log: Just installed sbv4-gradual-rollout@mozilla.com from other

Nov 09, 2017 09:04:33.80 NEW SESSION
Nov 09, 2017 09:04:33.80 *** UTM:SVC TimerManager:registerTimer called after profile-before-change notification. Ignoring timer registration for id: recipe-client-addon-run
Nov 09, 2017 09:04:34.04 *** UTM:SVC TimerManager:registerTimer - id: telemetry_modules_ping
Nov 09, 2017 09:04:34.04 *** UTM:SVC TimerManager:registerTimer called after profile-before-change notification. Ignoring timer registration for id: telemetry_modules_ping
Nov 09, 2017 09:04:37.39 console.log: init received
Nov 09, 2017 09:06:02.86 [3752:3791:1109/090602.867194:ERROR:browser_gpu_channel_host_factory.cc(103)] Failed to launch GPU process.
Nov 09, 2017 09:06:03.03 Created new window in existing browser session.
Nov 09, 2017 09:25:45.86 [5269:5309:1109/092545.861103:ERROR:browser_gpu_channel_host_factory.cc(103)] Failed to launch GPU process.
Nov 09, 2017 09:25:46.02 Created new window in existing browser session.
Nov 09, 2017 10:03:15.11 [6638:6677:1109/100315.114385:ERROR:browser_gpu_channel_host_factory.cc(103)] Failed to launch GPU process.
Nov 09, 2017 10:03:15.16 Created new window in existing browser session.
Nov 09, 2017 10:15:23.73 [7023:7062:1109/101523.734066:ERROR:browser_gpu_channel_host_factory.cc(103)] Failed to launch GPU process.
Nov 09, 2017 10:15:23.82 Created new window in existing browser session.
Nov 09, 2017 10:18:14.38 [7259:7298:1109/101814.387376:ERROR:browser_gpu_channel_host_factory.cc(103)] Failed to launch GPU process.
Nov 09, 2017 10:18:14.43 Created new window in existing browser session.
Nov 09, 2017 10:19:01.70 [7459:7498:1109/101901.699598:ERROR:browser_gpu_channel_host_factory.cc(103)] Failed to launch GPU process.
Nov 09, 2017 10:19:01.79 Created new window in existing browser session.
Nov 09, 2017 10:20:39.39 [7656:7695:1109/102039.397849:ERROR:browser_gpu_channel_host_factory.cc(103)] Failed to launch GPU process.
Nov 09, 2017 10:20:39.45 Created new window in existing browser session.
Nov 09, 2017 10:22:42.10 [7865:7904:1109/102242.105215:ERROR:browser_gpu_channel_host_factory.cc(103)] Failed to launch GPU process.
Nov 09, 2017 10:22:42.18 Created new window in existing browser session.
Nov 09, 2017 10:24:34.13 [8055:8094:1109/102434.136886:ERROR:browser_gpu_channel_host_factory.cc(103)] Failed to launch GPU process.
Nov 09, 2017 10:24:34.19 Created new window in existing browser session.
Nov 09, 2017 10:25:39.72 [8240:8279:1109/102539.723254:ERROR:browser_gpu_channel_host_factory.cc(103)] Failed to launch GPU process.
Nov 09, 2017 10:25:39.76 Created new window in existing browser session.
Nov 09, 2017 10:26:52.20 [8453:8492:1109/102652.209353:ERROR:browser_gpu_channel_host_factory.cc(103)] Failed to launch GPU process.
Nov 09, 2017 10:26:52.28 Created new window in existing browser session.
Nov 09, 2017 10:27:53.23 [8641:8680:1109/102753.232433:ERROR:browser_gpu_channel_host_factory.cc(103)] Failed to launch GPU process.
Nov 09, 2017 10:27:53.27 Created new window in existing browser session.
Nov 09, 2017 10:28:17.20 [8812:8851:1109/102817.199888:ERROR:browser_gpu_channel_host_factory.cc(103)] Failed to launch GPU process.
Nov 09, 2017 10:28:17.47 Created new window in existing browser session.
Nov 09, 2017 10:42:55.32 [9578:9617:1109/104255.325321:ERROR:browser_gpu_channel_host_factory.cc(103)] Failed to launch GPU process.
Nov 09, 2017 10:42:55.39 Created new window in existing browser session.
Nov 09, 2017 10:45:31.27 [9860:9920:1109/104531.273819:ERROR:browser_gpu_channel_host_factory.cc(103)] Failed to launch GPU process.
Nov 09, 2017 10:45:31.36 Created new window in existing browser session.
Nov 09, 2017 10:46:44.92 [10064:10104:1109/104644.920630:ERROR:browser_gpu_channel_host_factory.cc(103)] Failed to launch GPU process.
Nov 09, 2017 10:46:44.97 Created new window in existing browser session.
Nov 09, 2017 10:49:51.07 [10515:10554:1109/104951.075184:ERROR:browser_gpu_channel_host_factory.cc(103)] Failed to launch GPU process.
Nov 09, 2017 10:49:51.13 Created new window in existing browser session.
Nov 09, 2017 10:57:16.40 [10895:10934:1109/105716.402630:ERROR:browser_gpu_channel_host_factory.cc(103)] Failed to launch GPU process.
Nov 09, 2017 10:57:16.48 Created new window in existing browser session.
Nov 09, 2017 11:00:28.88 [11180:11219:1109/110028.885536:ERROR:browser_gpu_channel_host_factory.cc(103)] Failed to launch GPU process.
Nov 09, 2017 11:00:28.91 Created new window in existing browser session.
Nov 09, 2017 11:07:10.06 [11534:11573:1109/110710.062056:ERROR:browser_gpu_channel_host_factory.cc(103)] Failed to launch GPU process.
Nov 09, 2017 11:07:10.14 Created new window in existing browser session.
Nov 09, 2017 11:37:40.57 [12195:12235:1109/113740.579170:ERROR:browser_gpu_channel_host_factory.cc(103)] Failed to launch GPU process.
Nov 09, 2017 11:37:40.65 Created new window in existing browser session.
Nov 09, 2017 12:02:20.84 [12957:12996:1109/120220.846162:ERROR:browser_gpu_channel_host_factory.cc(103)] Failed to launch GPU process.
Nov 09, 2017 12:02:20.92 Created new window in existing browser session.
Nov 09, 2017 12:07:16.41 [13064:13104:1109/120716.416245:ERROR:browser_gpu_channel_host_factory.cc(103)] Failed to launch GPU process.
Nov 09, 2017 12:07:16.51 Created new window in existing browser session.
Nov 09, 2017 12:09:38.05 [13285:13324:1109/120938.051291:ERROR:browser_gpu_channel_host_factory.cc(103)] Failed to launch GPU process.
Nov 09, 2017 12:09:38.11 Created new window in existing browser session.
Nov 09, 2017 12:14:38.04 [13609:13648:1109/121438.048447:ERROR:browser_gpu_channel_host_factory.cc(103)] Failed to launch GPU process.
Nov 09, 2017 12:14:38.18 Created new window in existing browser session.
Nov 09, 2017 12:16:16.95 [13881:13920:1109/121616.953743:ERROR:browser_gpu_channel_host_factory.cc(103)] Failed to launch GPU process.
Nov 09, 2017 12:16:17.02 Created new window in existing browser session.
Nov 09, 2017 12:17:20.84 1510210040842	addons.update-checker	WARN	Update manifest for webcompat@mozilla.org did not contain an updates property
Nov 09, 2017 12:17:20.85 1510210040857	addons.update-checker	WARN	Update manifest for e10srollout@mozilla.org did not contain an updates property
Nov 09, 2017 12:17:20.93 1510210040938	addons.update-checker	WARN	Update manifest for firefox@getpocket.com did not contain an updates property
Nov 09, 2017 12:17:21.04 1510210041049	addons.update-checker	WARN	Update manifest for aushelper@mozilla.org did not contain an updates property
Nov 09, 2017 12:17:21.08 1510210041081	addons.update-checker	WARN	Update manifest for clicktoplay-rollout@mozilla.org did not contain an updates property
Nov 09, 2017 12:17:21.09 1510210041097	addons.update-checker	WARN	Update manifest for formautofill@mozilla.org did not contain an updates property
Nov 09, 2017 12:17:21.13 1510210041132	addons.update-checker	WARN	Update manifest for onboarding@mozilla.org did not contain an updates property
Nov 09, 2017 12:17:21.21 1510210041212	addons.update-checker	WARN	Update manifest for activity-stream@mozilla.org did not contain an updates property
Nov 09, 2017 12:17:21.34 1510210041346	addons.update-checker	WARN	Update manifest for {972ce4c6-7e08-4474-a285-3208198ce6fd} did not contain an updates property
Nov 09, 2017 12:17:21.37 1510210041375	addons.update-checker	WARN	Update manifest for taarexp@mozilla.com did not contain an updates property
Nov 09, 2017 12:17:21.41 1510210041410	addons.update-checker	WARN	Update manifest for followonsearch@mozilla.com did not contain an updates property
Nov 09, 2017 12:17:21.64 1510210041643	addons.update-checker	WARN	Update manifest for sbv4-gradual-rollout@mozilla.com did not contain an updates property
Nov 09, 2017 12:17:24.09 1510210044093	addons.xpi	ERROR	Failed to clean updated system add-ons directories.
Nov 09, 2017 12:17:56.84 [14088:14127:1109/121756.847781:ERROR:browser_gpu_channel_host_factory.cc(103)] Failed to launch GPU process.
Nov 09, 2017 12:17:56.90 Created new window in existing browser session.
Nov 09, 2017 12:20:13.17 [14303:14342:1109/122013.174240:ERROR:browser_gpu_channel_host_factory.cc(103)] Failed to launch GPU process.
Nov 09, 2017 12:20:13.22 Created new window in existing browser session.
Nov 09, 2017 15:03:34.91 [16440:16479:1109/150334.917606:ERROR:browser_gpu_channel_host_factory.cc(103)] Failed to launch GPU process.
Nov 09, 2017 15:03:34.99 Created new window in existing browser session.
Nov 09, 2017 16:03:30.82 [18359:18398:1109/160330.821937:ERROR:browser_gpu_channel_host_factory.cc(103)] Failed to launch GPU process.
Nov 09, 2017 16:03:30.89 Created new window in existing browser session.
Nov 09, 2017 16:07:24.03 [18622:18661:1109/160724.031384:ERROR:browser_gpu_channel_host_factory.cc(103)] Failed to launch GPU process.
Nov 09, 2017 16:07:24.07 Created new window in existing browser session.
Nov 09, 2017 16:17:43.90 [19292:19331:1109/161743.903307:ERROR:browser_gpu_channel_host_factory.cc(103)] Failed to launch GPU process.
Nov 09, 2017 16:17:43.97 Created new window in existing browser session.
Nov 09, 2017 16:26:05.77 [19567:19606:1109/162605.774621:ERROR:browser_gpu_channel_host_factory.cc(103)] Failed to launch GPU process.
Nov 09, 2017 16:26:05.81 Created new window in existing browser session.
Nov 09, 2017 16:30:39.43 [19850:19889:1109/163039.435568:ERROR:browser_gpu_channel_host_factory.cc(103)] Failed to launch GPU process.
Nov 09, 2017 16:30:39.48 Created new window in existing browser session.
Nov 09, 2017 16:32:42.28 [20103:20142:1109/163242.283359:ERROR:browser_gpu_channel_host_factory.cc(103)] Failed to launch GPU process.
Nov 09, 2017 16:32:42.34 Created new window in existing browser session.
Nov 09, 2017 16:36:09.76 [20347:20386:1109/163609.767832:ERROR:browser_gpu_channel_host_factory.cc(103)] Failed to launch GPU process.
Nov 09, 2017 16:36:09.82 Created new window in existing browser session.
Nov 09, 2017 16:40:42.51 [20674:20714:1109/164042.510321:ERROR:browser_gpu_channel_host_factory.cc(103)] Failed to launch GPU process.
Nov 09, 2017 16:40:42.57 Created new window in existing browser session.
Nov 09, 2017 16:43:52.17 [20925:20964:1109/164352.175672:ERROR:browser_gpu_channel_host_factory.cc(103)] Failed to launch GPU process.
Nov 09, 2017 16:43:52.20 Created new window in existing browser session.
Nov 09, 2017 16:45:42.02 [21144:21183:1109/164542.021871:ERROR:browser_gpu_channel_host_factory.cc(103)] Failed to launch GPU process.
Nov 09, 2017 16:45:42.07 Created new window in existing browser session.
Nov 09, 2017 16:46:43.51 [21362:21401:1109/164643.510240:ERROR:browser_gpu_channel_host_factory.cc(103)] Failed to launch GPU process.
Nov 09, 2017 16:46:43.57 Created new window in existing browser session.
Nov 09, 2017 16:48:50.87 [21582:21621:1109/164850.876994:ERROR:browser_gpu_channel_host_factory.cc(103)] Failed to launch GPU process.
Nov 09, 2017 16:48:50.91 Created new window in existing browser session.
Nov 09, 2017 17:06:06.39 [22100:22139:1109/170606.391040:ERROR:browser_gpu_channel_host_factory.cc(103)] Failed to launch GPU process.
Nov 09, 2017 17:06:06.47 Created new window in existing browser session.

Nov 09, 2017 19:38:38.68 NEW SESSION
Nov 09, 2017 19:38:38.68 [4218:4258:1109/193838.679766:ERROR:browser_gpu_channel_host_factory.cc(103)] Failed to launch GPU process.
Nov 09, 2017 19:38:38.89 Created new window in existing browser session.
Nov 09, 2017 19:39:28.66 [4400:4439:1109/193928.665468:ERROR:browser_gpu_channel_host_factory.cc(103)] Failed to launch GPU process.
Nov 09, 2017 19:39:28.74 Created new window in existing browser session.
Nov 09, 2017 19:50:54.48 [4905:4944:1109/195054.483574:ERROR:browser_gpu_channel_host_factory.cc(103)] Failed to launch GPU process.
Nov 09, 2017 19:50:54.51 Created new window in existing browser session.
Nov 09, 2017 19:53:03.28 [5123:5162:1109/195303.276741:ERROR:browser_gpu_channel_host_factory.cc(103)] Failed to launch GPU process.
Nov 09, 2017 19:53:03.35 Created new window in existing browser session.

Nov 10, 2017 12:36:15.01 NEW SESSION
Nov 10, 2017 12:36:15.01 [6268:6308:1110/123615.008937:ERROR:browser_gpu_channel_host_factory.cc(103)] Failed to launch GPU process.
Nov 10, 2017 12:36:15.14 Created new window in existing browser session.
Nov 10, 2017 12:37:37.38 [6470:6509:1110/123737.383594:ERROR:browser_gpu_channel_host_factory.cc(103)] Failed to launch GPU process.
Nov 10, 2017 12:37:37.50 Created new window in existing browser session.
Nov 10, 2017 13:03:11.83 [8240:8279:1110/130311.835535:ERROR:browser_gpu_channel_host_factory.cc(103)] Failed to launch GPU process.
Nov 10, 2017 13:03:11.91 Created new window in existing browser session.
Nov 10, 2017 14:44:25.33 [9533:9572:1110/144425.330117:ERROR:browser_gpu_channel_host_factory.cc(103)] Failed to launch GPU process.
Nov 10, 2017 14:44:25.50 Created new window in existing browser session.
Nov 10, 2017 15:00:35.06 [10010:10050:1110/150035.066722:ERROR:browser_gpu_channel_host_factory.cc(103)] Failed to launch GPU process.
Nov 10, 2017 15:00:35.11 Created new window in existing browser session.
Nov 10, 2017 15:20:43.49 [11330:11369:1110/152043.491698:ERROR:browser_gpu_channel_host_factory.cc(103)] Failed to launch GPU process.
Nov 10, 2017 15:20:43.54 Created new window in existing browser session.
Nov 10, 2017 15:21:13.86 [11424:11463:1110/152113.868455:ERROR:browser_gpu_channel_host_factory.cc(103)] Failed to launch GPU process.
Nov 10, 2017 15:21:13.91 Created new window in existing browser session.
Nov 10, 2017 16:52:39.44 [14026:14066:1110/165239.446127:ERROR:browser_gpu_channel_host_factory.cc(103)] Failed to launch GPU process.
Nov 10, 2017 16:52:39.50 Created new window in existing browser session.
Nov 10, 2017 17:02:15.71 [14470:14509:1110/170215.718782:ERROR:browser_gpu_channel_host_factory.cc(103)] Failed to launch GPU process.
Nov 10, 2017 17:02:15.79 Created new window in existing browser session.
Nov 10, 2017 17:08:58.32 [14748:14787:1110/170858.325609:ERROR:browser_gpu_channel_host_factory.cc(103)] Failed to launch GPU process.
Nov 10, 2017 17:08:58.39 Created new window in existing browser session.
Nov 10, 2017 17:12:53.85 [15024:15063:1110/171253.858496:ERROR:browser_gpu_channel_host_factory.cc(103)] Failed to launch GPU process.
Nov 10, 2017 17:12:53.93 Created new window in existing browser session.
Nov 10, 2017 18:57:23.52 [16773:16812:1110/185723.520531:ERROR:browser_gpu_channel_host_factory.cc(103)] Failed to launch GPU process.
Nov 10, 2017 18:57:23.64 Created new window in existing browser session.
Nov 10, 2017 18:58:39.14 [16869:16909:1110/185839.140531:ERROR:browser_gpu_channel_host_factory.cc(103)] Failed to launch GPU process.
Nov 10, 2017 18:58:39.18 Created new window in existing browser session.
Nov 10, 2017 19:00:51.31 [16963:17003:1110/190051.316191:ERROR:browser_gpu_channel_host_factory.cc(103)] Failed to launch GPU process.
Nov 10, 2017 19:00:51.37 Created new window in existing browser session.
Nov 10, 2017 19:02:51.33 [17186:17225:1110/190251.330616:ERROR:browser_gpu_channel_host_factory.cc(103)] Failed to launch GPU process.
Nov 10, 2017 19:02:51.40 Created new window in existing browser session.
Nov 10, 2017 19:04:27.77 [17384:17423:1110/190427.777884:ERROR:browser_gpu_channel_host_factory.cc(103)] Failed to launch GPU process.
Nov 10, 2017 19:04:27.82 Created new window in existing browser session.
Nov 10, 2017 19:06:07.33 [17592:17631:1110/190607.336543:ERROR:browser_gpu_channel_host_factory.cc(103)] Failed to launch GPU process.
Nov 10, 2017 19:06:07.38 Created new window in existing browser session.
Nov 10, 2017 19:07:42.93 [17686:17726:1110/190742.934515:ERROR:browser_gpu_channel_host_factory.cc(103)] Failed to launch GPU process.
Nov 10, 2017 19:07:42.99 Created new window in existing browser session.
Nov 10, 2017 19:10:16.53 [17977:18016:1110/191016.535609:ERROR:browser_gpu_channel_host_factory.cc(103)] Failed to launch GPU process.
Nov 10, 2017 19:10:16.61 Created new window in existing browser session.
Nov 10, 2017 19:13:35.25 [18284:18323:1110/191335.250684:ERROR:browser_gpu_channel_host_factory.cc(103)] Failed to launch GPU process.
Nov 10, 2017 19:13:35.32 Created new window in existing browser session.
Nov 10, 2017 19:18:29.41 [18523:18563:1110/191829.415750:ERROR:browser_gpu_channel_host_factory.cc(103)] Failed to launch GPU process.
Nov 10, 2017 19:18:29.48 Created new window in existing browser session.
Nov 10, 2017 19:22:17.17 [18713:18753:1110/192217.174694:ERROR:browser_gpu_channel_host_factory.cc(103)] Failed to launch GPU process.
Nov 10, 2017 19:22:17.24 Created new window in existing browser session.
Nov 10, 2017 19:23:43.55 [18896:18935:1110/192343.557982:ERROR:browser_gpu_channel_host_factory.cc(103)] Failed to launch GPU process.
Nov 10, 2017 19:23:43.60 Created new window in existing browser session.
Nov 10, 2017 19:26:55.30 [19114:19153:1110/192655.307311:ERROR:browser_gpu_channel_host_factory.cc(103)] Failed to launch GPU process.
Nov 10, 2017 19:26:55.35 Created new window in existing browser session.
Nov 10, 2017 19:28:16.99 [19322:19361:1110/192816.995677:ERROR:browser_gpu_channel_host_factory.cc(103)] Failed to launch GPU process.
Nov 10, 2017 19:28:17.06 Created new window in existing browser session.
Nov 10, 2017 19:29:39.08 [19529:19569:1110/192939.083403:ERROR:browser_gpu_channel_host_factory.cc(103)] Failed to launch GPU process.
Nov 10, 2017 19:29:39.14 Created new window in existing browser session.
Nov 10, 2017 19:31:07.21 [19733:19774:1110/193107.215559:ERROR:browser_gpu_channel_host_factory.cc(103)] Failed to launch GPU process.
Nov 10, 2017 19:31:07.24 Created new window in existing browser session.
Nov 10, 2017 19:32:17.31 [19943:19982:1110/193217.311169:ERROR:browser_gpu_channel_host_factory.cc(103)] Failed to launch GPU process.
Nov 10, 2017 19:32:17.35 Created new window in existing browser session.
Nov 10, 2017 19:36:52.64 1510322812649	addons.webextension.jid1-NIfFY2CA8fy1tg@jetpack	WARN	Please specify whether you want browser_style or not in your browser_action options.
Nov 10, 2017 19:36:54.05 *** UTM:SVC TimerManager:registerTimer called after profile-before-change notification. Ignoring timer registration for id: recipe-client-addon-run
Nov 10, 2017 19:36:54.18 Extension error: TypeError: response is undefined moz-extension://3d879513-6236-42f6-bea2-c559ae532ce5/settings.js 21
Nov 10, 2017 19:36:54.18 [[Exception stack
Nov 10, 2017 19:36:54.18 Settings/this._init</<@moz-extension://3d879513-6236-42f6-bea2-c559ae532ce5/settings.js:21:11
Nov 10, 2017 19:36:54.18 Current stack
Nov 10, 2017 19:36:54.18 runSafeSyncWithoutClone@resource://gre/modules/ExtensionUtils.jsm:63:129
Nov 10, 2017 19:36:54.18 runSafeWithoutClone@resource://gre/modules/ExtensionCommon.jsm:174:38
Nov 10, 2017 19:36:54.18 wrapPromise/</<@resource://gre/modules/ExtensionCommon.jsm:363:15
Nov 10, 2017 19:36:54.18 withLastError@resource://gre/modules/ExtensionCommon.jsm:301:14
Nov 10, 2017 19:36:54.18 wrapPromise/<@resource://gre/modules/ExtensionCommon.jsm:357:11
Nov 10, 2017 19:36:54.18 observe@resource://gre/modules/AsyncShutdown.jsm:534:9
Nov 10, 2017 19:36:54.18 ]]
Nov 10, 2017 19:36:54.18 Extension error: TypeError: response is undefined moz-extension://3d879513-6236-42f6-bea2-c559ae532ce5/stats.js 95
Nov 10, 2017 19:36:54.18 [[Exception stack
Nov 10, 2017 19:36:54.18 checkUserId/userIDPromise</<@moz-extension://3d879513-6236-42f6-bea2-c559ae532ce5/stats.js:95:13
Nov 10, 2017 19:36:54.18 Current stack
Nov 10, 2017 19:36:54.18 runSafeSyncWithoutClone@resource://gre/modules/ExtensionUtils.jsm:63:129
Nov 10, 2017 19:36:54.18 runSafeWithoutClone@resource://gre/modules/ExtensionCommon.jsm:174:38
Nov 10, 2017 19:36:54.19 wrapPromise/</<@resource://gre/modules/ExtensionCommon.jsm:363:15
Nov 10, 2017 19:36:54.19 withLastError@resource://gre/modules/ExtensionCommon.jsm:301:14
Nov 10, 2017 19:36:54.19 wrapPromise/<@resource://gre/modules/ExtensionCommon.jsm:357:11
Nov 10, 2017 19:36:54.19 observe@resource://gre/modules/AsyncShutdown.jsm:534:9
Nov 10, 2017 19:36:54.19 ]]
Nov 10, 2017 19:36:54.19 Extension error: TypeError: response is undefined moz-extension://3d879513-6236-42f6-bea2-c559ae532ce5/stats.js 95
Nov 10, 2017 19:36:54.19 [[Exception stack
Nov 10, 2017 19:36:54.19 checkUserId/userIDPromise</<@moz-extension://3d879513-6236-42f6-bea2-c559ae532ce5/stats.js:95:13
Nov 10, 2017 19:36:54.19 Current stack
Nov 10, 2017 19:36:54.19 runSafeSyncWithoutClone@resource://gre/modules/ExtensionUtils.jsm:63:129
Nov 10, 2017 19:36:54.19 runSafeWithoutClone@resource://gre/modules/ExtensionCommon.jsm:174:38
Nov 10, 2017 19:36:54.19 wrapPromise/</<@resource://gre/modules/ExtensionCommon.jsm:363:15
Nov 10, 2017 19:36:54.19 withLastError@resource://gre/modules/ExtensionCommon.jsm:301:14
Nov 10, 2017 19:36:54.19 wrapPromise/<@resource://gre/modules/ExtensionCommon.jsm:357:11
Nov 10, 2017 19:36:54.19 observe@resource://gre/modules/AsyncShutdown.jsm:534:9
Nov 10, 2017 19:36:54.19 ]]
Nov 10, 2017 19:36:54.19 Extension error: TypeError: response is undefined moz-extension://3d879513-6236-42f6-bea2-c559ae532ce5/background.js 666
Nov 10, 2017 19:36:54.19 [[Exception stack
Nov 10, 2017 19:36:54.19 count_cache_init/<@moz-extension://3d879513-6236-42f6-bea2-c559ae532ce5/background.js:666:1
Nov 10, 2017 19:36:54.19 Current stack
Nov 10, 2017 19:36:54.19 runSafeSyncWithoutClone@resource://gre/modules/ExtensionUtils.jsm:63:129
Nov 10, 2017 19:36:54.19 runSafeWithoutClone@resource://gre/modules/ExtensionCommon.jsm:174:38
Nov 10, 2017 19:36:54.19 wrapPromise/</<@resource://gre/modules/ExtensionCommon.jsm:363:15
Nov 10, 2017 19:36:54.19 withLastError@resource://gre/modules/ExtensionCommon.jsm:301:14
Nov 10, 2017 19:36:54.19 wrapPromise/<@resource://gre/modules/ExtensionCommon.jsm:357:11
Nov 10, 2017 19:36:54.19 observe@resource://gre/modules/AsyncShutdown.jsm:534:9
Nov 10, 2017 19:36:54.19 ]]
Nov 10, 2017 19:36:54.20 Extension error: TypeError: response is undefined moz-extension://3d879513-6236-42f6-bea2-c559ae532ce5/stats.js 95
Nov 10, 2017 19:36:54.20 [[Exception stack
Nov 10, 2017 19:36:54.20 checkUserId/userIDPromise</<@moz-extension://3d879513-6236-42f6-bea2-c559ae532ce5/stats.js:95:13
Nov 10, 2017 19:36:54.20 Current stack
Nov 10, 2017 19:36:54.20 runSafeSyncWithoutClone@resource://gre/modules/ExtensionUtils.jsm:63:129
Nov 10, 2017 19:36:54.20 runSafeWithoutClone@resource://gre/modules/ExtensionCommon.jsm:174:38
Nov 10, 2017 19:36:54.20 wrapPromise/</<@resource://gre/modules/ExtensionCommon.jsm:363:15
Nov 10, 2017 19:36:54.20 withLastError@resource://gre/modules/ExtensionCommon.jsm:301:14
Nov 10, 2017 19:36:54.20 wrapPromise/<@resource://gre/modules/ExtensionCommon.jsm:357:11
Nov 10, 2017 19:36:54.20 observe@resource://gre/modules/AsyncShutdown.jsm:534:9
Nov 10, 2017 19:36:54.20 ]]
Nov 10, 2017 19:36:54.21 Extension error: TypeError: response is undefined moz-extension://3d879513-6236-42f6-bea2-c559ae532ce5/background.js 553
Nov 10, 2017 19:36:54.21 [[Exception stack
Nov 10, 2017 19:36:54.21 get_custom_filters_text/<@moz-extension://3d879513-6236-42f6-bea2-c559ae532ce5/background.js:553:5
Nov 10, 2017 19:36:54.21 Current stack
Nov 10, 2017 19:36:54.21 runSafeSyncWithoutClone@resource://gre/modules/ExtensionUtils.jsm:63:129
Nov 10, 2017 19:36:54.21 runSafeWithoutClone@resource://gre/modules/ExtensionCommon.jsm:174:38
Nov 10, 2017 19:36:54.21 wrapPromise/</<@resource://gre/modules/ExtensionCommon.jsm:363:15
Nov 10, 2017 19:36:54.21 withLastError@resource://gre/modules/ExtensionCommon.jsm:301:14
Nov 10, 2017 19:36:54.21 wrapPromise/<@resource://gre/modules/ExtensionCommon.jsm:357:11
Nov 10, 2017 19:36:54.21 ]]
Nov 10, 2017 19:36:54.21 Extension error: TypeError: response is undefined moz-extension://3d879513-6236-42f6-bea2-c559ae532ce5/filtering/myfilters.js 562
Nov 10, 2017 19:36:54.21 [[Exception stack
Nov 10, 2017 19:36:54.21 MyFilters.prototype.checkFilterUpdates/<@moz-extension://3d879513-6236-42f6-bea2-c559ae532ce5/filtering/myfilters.js:562:9
Nov 10, 2017 19:36:54.21 Current stack
Nov 10, 2017 19:36:54.21 runSafeSyncWithoutClone@resource://gre/modules/ExtensionUtils.jsm:63:129
Nov 10, 2017 19:36:54.21 runSafeWithoutClone@resource://gre/modules/ExtensionCommon.jsm:174:38
Nov 10, 2017 19:36:54.21 wrapPromise/</<@resource://gre/modules/ExtensionCommon.jsm:363:15
Nov 10, 2017 19:36:54.21 withLastError@resource://gre/modules/ExtensionCommon.jsm:301:14
Nov 10, 2017 19:36:54.21 wrapPromise/<@resource://gre/modules/ExtensionCommon.jsm:357:11
Nov 10, 2017 19:36:54.21 ]]
Nov 10, 2017 19:36:54.31 *** UTM:SVC TimerManager:registerTimer - id: telemetry_modules_ping
Nov 10, 2017 19:36:54.31 *** UTM:SVC TimerManager:registerTimer called after profile-before-change notification. Ignoring timer registration for id: telemetry_modules_ping
Nov 10, 2017 19:36:55.68 1510322815681	addons.webextension.jid1-NIfFY2CA8fy1tg@jetpack	WARN	Please specify whether you want browser_style or not in your browser_action options.
Nov 10, 2017 19:36:56.75 Extension error: TypeError: getSettings(...) is undefined moz-extension://3d879513-6236-42f6-bea2-c559ae532ce5/background.js 818
Nov 10, 2017 19:36:56.75 [[Exception stack
Nov 10, 2017 19:36:56.75 getCurrentTabInfo/<@moz-extension://3d879513-6236-42f6-bea2-c559ae532ce5/background.js:818:22
Nov 10, 2017 19:36:56.75 Current stack
Nov 10, 2017 19:36:56.75 runSafeSyncWithoutClone@resource://gre/modules/ExtensionUtils.jsm:63:129
Nov 10, 2017 19:36:56.75 runSafeWithoutClone@resource://gre/modules/ExtensionCommon.jsm:174:38
Nov 10, 2017 19:36:56.75 wrapPromise/<@resource://gre/modules/ExtensionCommon.jsm:349:48
Nov 10, 2017 19:36:56.75 ]]
Nov 10, 2017 19:36:56.76 Extension error: TypeError: getSettings(...) is undefined moz-extension://3d879513-6236-42f6-bea2-c559ae532ce5/background.js 818
Nov 10, 2017 19:36:56.76 [[Exception stack
Nov 10, 2017 19:36:56.76 getCurrentTabInfo/<@moz-extension://3d879513-6236-42f6-bea2-c559ae532ce5/background.js:818:22
Nov 10, 2017 19:36:56.76 Current stack
Nov 10, 2017 19:36:56.76 runSafeSyncWithoutClone@resource://gre/modules/ExtensionUtils.jsm:63:129
Nov 10, 2017 19:36:56.76 runSafeWithoutClone@resource://gre/modules/ExtensionCommon.jsm:174:38
Nov 10, 2017 19:36:56.76 wrapPromise/<@resource://gre/modules/ExtensionCommon.jsm:349:48
Nov 10, 2017 19:36:56.76 ]]
Nov 10, 2017 19:36:59.92 console.log: init received
Nov 10, 2017 19:41:29.82 1510323089820	addons.update-checker	WARN	Update manifest for firefox@getpocket.com did not contain an updates property
Nov 10, 2017 19:41:29.83 1510323089834	addons.update-checker	WARN	Update manifest for webcompat@mozilla.org did not contain an updates property
Nov 10, 2017 19:41:29.88 1510323089884	addons.update-checker	WARN	Update manifest for e10srollout@mozilla.org did not contain an updates property
Nov 10, 2017 19:41:29.89 1510323089894	addons.update-checker	WARN	Update manifest for aushelper@mozilla.org did not contain an updates property
Nov 10, 2017 19:41:29.97 1510323089971	addons.update-checker	WARN	Update manifest for clicktoplay-rollout@mozilla.org did not contain an updates property
Nov 10, 2017 19:41:30.11 1510323090115	addons.update-checker	WARN	Update manifest for formautofill@mozilla.org did not contain an updates property
Nov 10, 2017 19:41:30.12 1510323090126	addons.update-checker	WARN	Update manifest for onboarding@mozilla.org did not contain an updates property
Nov 10, 2017 19:41:30.16 1510323090168	addons.update-checker	WARN	Update manifest for {972ce4c6-7e08-4474-a285-3208198ce6fd} did not contain an updates property
Nov 10, 2017 19:41:30.17 1510323090179	addons.update-checker	WARN	Update manifest for activity-stream@mozilla.org did not contain an updates property
Nov 10, 2017 19:41:30.40 1510323090403	addons.update-checker	WARN	Update manifest for followonsearch@mozilla.com did not contain an updates property
Nov 10, 2017 19:41:30.41 1510323090413	addons.update-checker	WARN	Update manifest for taarexp@mozilla.com did not contain an updates property
Nov 10, 2017 19:41:30.46 1510323090462	addons.update-checker	WARN	Update manifest for sbv4-gradual-rollout@mozilla.com did not contain an updates property
Nov 10, 2017 19:41:33.28 console.log: Just installed jid1-NIfFY2CA8fy1tg@jetpack from other

Nov 13, 2017 18:11:19.83 NEW SESSION
Nov 13, 2017 18:11:19.83 1510576879838	addons.webextension.jid1-NIfFY2CA8fy1tg@jetpack	WARN	Please specify whether you want browser_style or not in your browser_action options.
Nov 13, 2017 18:11:21.09 *** UTM:SVC TimerManager:registerTimer called after profile-before-change notification. Ignoring timer registration for id: recipe-client-addon-run
Nov 13, 2017 18:11:21.20 Extension error: TypeError: response is undefined moz-extension://3d879513-6236-42f6-bea2-c559ae532ce5/settings.js 21
Nov 13, 2017 18:11:21.20 [[Exception stack
Nov 13, 2017 18:11:21.20 Settings/this._init</<@moz-extension://3d879513-6236-42f6-bea2-c559ae532ce5/settings.js:21:11
Nov 13, 2017 18:11:21.20 Current stack
Nov 13, 2017 18:11:21.20 runSafeSyncWithoutClone@resource://gre/modules/ExtensionUtils.jsm:63:129
Nov 13, 2017 18:11:21.20 runSafeWithoutClone@resource://gre/modules/ExtensionCommon.jsm:174:38
Nov 13, 2017 18:11:21.20 wrapPromise/</<@resource://gre/modules/ExtensionCommon.jsm:363:15
Nov 13, 2017 18:11:21.20 withLastError@resource://gre/modules/ExtensionCommon.jsm:301:14
Nov 13, 2017 18:11:21.20 wrapPromise/<@resource://gre/modules/ExtensionCommon.jsm:357:11
Nov 13, 2017 18:11:21.20 observe@resource://gre/modules/AsyncShutdown.jsm:534:9
Nov 13, 2017 18:11:21.20 ]]
Nov 13, 2017 18:11:21.20 Extension error: TypeError: response is undefined moz-extension://3d879513-6236-42f6-bea2-c559ae532ce5/stats.js 95
Nov 13, 2017 18:11:21.20 [[Exception stack
Nov 13, 2017 18:11:21.20 checkUserId/userIDPromise</<@moz-extension://3d879513-6236-42f6-bea2-c559ae532ce5/stats.js:95:13
Nov 13, 2017 18:11:21.20 Current stack
Nov 13, 2017 18:11:21.20 runSafeSyncWithoutClone@resource://gre/modules/ExtensionUtils.jsm:63:129
Nov 13, 2017 18:11:21.20 runSafeWithoutClone@resource://gre/modules/ExtensionCommon.jsm:174:38
Nov 13, 2017 18:11:21.20 wrapPromise/</<@resource://gre/modules/ExtensionCommon.jsm:363:15
Nov 13, 2017 18:11:21.20 withLastError@resource://gre/modules/ExtensionCommon.jsm:301:14
Nov 13, 2017 18:11:21.20 wrapPromise/<@resource://gre/modules/ExtensionCommon.jsm:357:11
Nov 13, 2017 18:11:21.20 observe@resource://gre/modules/AsyncShutdown.jsm:534:9
Nov 13, 2017 18:11:21.21 ]]
Nov 13, 2017 18:11:21.21 Extension error: TypeError: response is undefined moz-extension://3d879513-6236-42f6-bea2-c559ae532ce5/stats.js 95
Nov 13, 2017 18:11:21.21 [[Exception stack
Nov 13, 2017 18:11:21.21 checkUserId/userIDPromise</<@moz-extension://3d879513-6236-42f6-bea2-c559ae532ce5/stats.js:95:13
Nov 13, 2017 18:11:21.21 Current stack
Nov 13, 2017 18:11:21.21 runSafeSyncWithoutClone@resource://gre/modules/ExtensionUtils.jsm:63:129
Nov 13, 2017 18:11:21.21 runSafeWithoutClone@resource://gre/modules/ExtensionCommon.jsm:174:38
Nov 13, 2017 18:11:21.21 wrapPromise/</<@resource://gre/modules/ExtensionCommon.jsm:363:15
Nov 13, 2017 18:11:21.21 withLastError@resource://gre/modules/ExtensionCommon.jsm:301:14
Nov 13, 2017 18:11:21.21 wrapPromise/<@resource://gre/modules/ExtensionCommon.jsm:357:11
Nov 13, 2017 18:11:21.21 observe@resource://gre/modules/AsyncShutdown.jsm:534:9
Nov 13, 2017 18:11:21.21 ]]
Nov 13, 2017 18:11:21.22 Extension error: TypeError: response is undefined moz-extension://3d879513-6236-42f6-bea2-c559ae532ce5/background.js 666
Nov 13, 2017 18:11:21.22 [[Exception stack
Nov 13, 2017 18:11:21.22 count_cache_init/<@moz-extension://3d879513-6236-42f6-bea2-c559ae532ce5/background.js:666:1
Nov 13, 2017 18:11:21.22 Current stack
Nov 13, 2017 18:11:21.22 runSafeSyncWithoutClone@resource://gre/modules/ExtensionUtils.jsm:63:129
Nov 13, 2017 18:11:21.22 runSafeWithoutClone@resource://gre/modules/ExtensionCommon.jsm:174:38
Nov 13, 2017 18:11:21.22 wrapPromise/</<@resource://gre/modules/ExtensionCommon.jsm:363:15
Nov 13, 2017 18:11:21.22 withLastError@resource://gre/modules/ExtensionCommon.jsm:301:14
Nov 13, 2017 18:11:21.22 wrapPromise/<@resource://gre/modules/ExtensionCommon.jsm:357:11
Nov 13, 2017 18:11:21.22 observe@resource://gre/modules/AsyncShutdown.jsm:534:9
Nov 13, 2017 18:11:21.22 ]]
Nov 13, 2017 18:11:21.23 Extension error: TypeError: response is undefined moz-extension://3d879513-6236-42f6-bea2-c559ae532ce5/stats.js 95
Nov 13, 2017 18:11:21.23 [[Exception stack
Nov 13, 2017 18:11:21.23 checkUserId/userIDPromise</<@moz-extension://3d879513-6236-42f6-bea2-c559ae532ce5/stats.js:95:13
Nov 13, 2017 18:11:21.23 Current stack
Nov 13, 2017 18:11:21.23 runSafeSyncWithoutClone@resource://gre/modules/ExtensionUtils.jsm:63:129
Nov 13, 2017 18:11:21.23 runSafeWithoutClone@resource://gre/modules/ExtensionCommon.jsm:174:38
Nov 13, 2017 18:11:21.23 wrapPromise/</<@resource://gre/modules/ExtensionCommon.jsm:363:15
Nov 13, 2017 18:11:21.23 withLastError@resource://gre/modules/ExtensionCommon.jsm:301:14
Nov 13, 2017 18:11:21.23 wrapPromise/<@resource://gre/modules/ExtensionCommon.jsm:357:11
Nov 13, 2017 18:11:21.23 observe@resource://gre/modules/AsyncShutdown.jsm:534:9
Nov 13, 2017 18:11:21.23 ]]
Nov 13, 2017 18:11:21.23 Extension error: TypeError: response is undefined moz-extension://3d879513-6236-42f6-bea2-c559ae532ce5/background.js 553
Nov 13, 2017 18:11:21.23 [[Exception stack
Nov 13, 2017 18:11:21.23 get_custom_filters_text/<@moz-extension://3d879513-6236-42f6-bea2-c559ae532ce5/background.js:553:5
Nov 13, 2017 18:11:21.23 Current stack
Nov 13, 2017 18:11:21.23 runSafeSyncWithoutClone@resource://gre/modules/ExtensionUtils.jsm:63:129
Nov 13, 2017 18:11:21.23 runSafeWithoutClone@resource://gre/modules/ExtensionCommon.jsm:174:38
Nov 13, 2017 18:11:21.23 wrapPromise/</<@resource://gre/modules/ExtensionCommon.jsm:363:15
Nov 13, 2017 18:11:21.23 withLastError@resource://gre/modules/ExtensionCommon.jsm:301:14
Nov 13, 2017 18:11:21.23 wrapPromise/<@resource://gre/modules/ExtensionCommon.jsm:357:11
Nov 13, 2017 18:11:21.23 ]]
Nov 13, 2017 18:11:21.23 Extension error: TypeError: response is undefined moz-extension://3d879513-6236-42f6-bea2-c559ae532ce5/filtering/myfilters.js 562
Nov 13, 2017 18:11:21.23 [[Exception stack
Nov 13, 2017 18:11:21.23 MyFilters.prototype.checkFilterUpdates/<@moz-extension://3d879513-6236-42f6-bea2-c559ae532ce5/filtering/myfilters.js:562:9
Nov 13, 2017 18:11:21.23 Current stack
Nov 13, 2017 18:11:21.23 runSafeSyncWithoutClone@resource://gre/modules/ExtensionUtils.jsm:63:129
Nov 13, 2017 18:11:21.23 runSafeWithoutClone@resource://gre/modules/ExtensionCommon.jsm:174:38
Nov 13, 2017 18:11:21.23 wrapPromise/</<@resource://gre/modules/ExtensionCommon.jsm:363:15
Nov 13, 2017 18:11:21.23 withLastError@resource://gre/modules/ExtensionCommon.jsm:301:14
Nov 13, 2017 18:11:21.23 wrapPromise/<@resource://gre/modules/ExtensionCommon.jsm:357:11
Nov 13, 2017 18:11:21.23 ]]
Nov 13, 2017 18:11:21.35 *** UTM:SVC TimerManager:registerTimer - id: telemetry_modules_ping
Nov 13, 2017 18:11:21.35 *** UTM:SVC TimerManager:registerTimer called after profile-before-change notification. Ignoring timer registration for id: telemetry_modules_ping
Nov 13, 2017 18:11:23.54 1510576883546	addons.webextension.jid1-NIfFY2CA8fy1tg@jetpack	WARN	Please specify whether you want browser_style or not in your browser_action options.
Nov 13, 2017 18:11:30.74 console.log: init received
Nov 13, 2017 18:11:40.83 console.log: Just installed jid1-NIfFY2CA8fy1tg@jetpack from other
Nov 13, 2017 18:17:57.43 1510577277433	addons.update-checker	WARN	Update manifest for aushelper@mozilla.org did not contain an updates property
Nov 13, 2017 18:17:57.47 1510577277462	addons.update-checker	WARN	Update manifest for webcompat@mozilla.org did not contain an updates property
Nov 13, 2017 18:17:57.51 1510577277516	addons.update-checker	WARN	Update manifest for e10srollout@mozilla.org did not contain an updates property
Nov 13, 2017 18:17:57.67 1510577277676	addons.update-checker	WARN	Update manifest for clicktoplay-rollout@mozilla.org did not contain an updates property
Nov 13, 2017 18:17:57.68 1510577277686	addons.update-checker	WARN	Update manifest for firefox@getpocket.com did not contain an updates property
Nov 13, 2017 18:17:57.73 1510577277735	addons.update-checker	WARN	Update manifest for formautofill@mozilla.org did not contain an updates property
Nov 13, 2017 18:17:57.79 1510577277794	addons.update-checker	WARN	Update manifest for onboarding@mozilla.org did not contain an updates property
Nov 13, 2017 18:17:57.88 1510577277880	addons.update-checker	WARN	Update manifest for activity-stream@mozilla.org did not contain an updates property
Nov 13, 2017 18:17:57.97 1510577277971	addons.update-checker	WARN	Update manifest for {972ce4c6-7e08-4474-a285-3208198ce6fd} did not contain an updates property
Nov 13, 2017 18:17:58.01 1510577278010	addons.update-checker	WARN	Update manifest for taarexp@mozilla.com did not contain an updates property
Nov 13, 2017 18:17:58.07 1510577278071	addons.update-checker	WARN	Update manifest for sbv4-gradual-rollout@mozilla.com did not contain an updates property
Nov 13, 2017 18:17:58.21 1510577278217	addons.update-checker	WARN	Update manifest for followonsearch@mozilla.com did not contain an updates property
Nov 13, 2017 18:17:58.26 1510577278266	addons.update-checker	WARN	Update manifest for timecop@mozilla.com did not contain an updates property
Nov 13, 2017 18:18:00.64 1510577280643	addons.xpi	ERROR	Failed to clean updated system add-ons directories.
Nov 13, 2017 22:17:04.56 console.log: shutdown APP_SHUTDOWN
Nov 13, 2017 22:17:04.75 Promise rejected after context unloaded: Message manager disconnected

Nov 14, 2017 10:50:29.62 NEW SESSION
Nov 14, 2017 10:50:29.62 1510636829621	addons.webextension.jid1-NIfFY2CA8fy1tg@jetpack	WARN	Please specify whether you want browser_style or not in your browser_action options.
Nov 14, 2017 10:50:31.29 *** UTM:SVC TimerManager:registerTimer called after profile-before-change notification. Ignoring timer registration for id: recipe-client-addon-run
Nov 14, 2017 10:50:31.37 Extension error: TypeError: response is undefined moz-extension://3d879513-6236-42f6-bea2-c559ae532ce5/settings.js 21
Nov 14, 2017 10:50:31.37 [[Exception stack
Nov 14, 2017 10:50:31.38 Settings/this._init</<@moz-extension://3d879513-6236-42f6-bea2-c559ae532ce5/settings.js:21:11
Nov 14, 2017 10:50:31.38 Current stack
Nov 14, 2017 10:50:31.38 runSafeSyncWithoutClone@resource://gre/modules/ExtensionUtils.jsm:63:129
Nov 14, 2017 10:50:31.38 runSafeWithoutClone@resource://gre/modules/ExtensionCommon.jsm:174:38
Nov 14, 2017 10:50:31.38 wrapPromise/</<@resource://gre/modules/ExtensionCommon.jsm:363:15
Nov 14, 2017 10:50:31.38 withLastError@resource://gre/modules/ExtensionCommon.jsm:301:14
Nov 14, 2017 10:50:31.38 wrapPromise/<@resource://gre/modules/ExtensionCommon.jsm:357:11
Nov 14, 2017 10:50:31.38 observe@resource://gre/modules/AsyncShutdown.jsm:534:9
Nov 14, 2017 10:50:31.38 ]]
Nov 14, 2017 10:50:31.38 Extension error: TypeError: response is undefined moz-extension://3d879513-6236-42f6-bea2-c559ae532ce5/stats.js 95
Nov 14, 2017 10:50:31.38 [[Exception stack
Nov 14, 2017 10:50:31.38 checkUserId/userIDPromise</<@moz-extension://3d879513-6236-42f6-bea2-c559ae532ce5/stats.js:95:13
Nov 14, 2017 10:50:31.38 Current stack
Nov 14, 2017 10:50:31.38 runSafeSyncWithoutClone@resource://gre/modules/ExtensionUtils.jsm:63:129
Nov 14, 2017 10:50:31.38 runSafeWithoutClone@resource://gre/modules/ExtensionCommon.jsm:174:38
Nov 14, 2017 10:50:31.38 wrapPromise/</<@resource://gre/modules/ExtensionCommon.jsm:363:15
Nov 14, 2017 10:50:31.38 withLastError@resource://gre/modules/ExtensionCommon.jsm:301:14
Nov 14, 2017 10:50:31.38 wrapPromise/<@resource://gre/modules/ExtensionCommon.jsm:357:11
Nov 14, 2017 10:50:31.38 observe@resource://gre/modules/AsyncShutdown.jsm:534:9
Nov 14, 2017 10:50:31.38 ]]
Nov 14, 2017 10:50:31.38 Extension error: TypeError: response is undefined moz-extension://3d879513-6236-42f6-bea2-c559ae532ce5/stats.js 95
Nov 14, 2017 10:50:31.38 [[Exception stack
Nov 14, 2017 10:50:31.38 checkUserId/userIDPromise</<@moz-extension://3d879513-6236-42f6-bea2-c559ae532ce5/stats.js:95:13
Nov 14, 2017 10:50:31.38 Current stack
Nov 14, 2017 10:50:31.38 runSafeSyncWithoutClone@resource://gre/modules/ExtensionUtils.jsm:63:129
Nov 14, 2017 10:50:31.38 runSafeWithoutClone@resource://gre/modules/ExtensionCommon.jsm:174:38
Nov 14, 2017 10:50:31.38 wrapPromise/</<@resource://gre/modules/ExtensionCommon.jsm:363:15
Nov 14, 2017 10:50:31.38 withLastError@resource://gre/modules/ExtensionCommon.jsm:301:14
Nov 14, 2017 10:50:31.38 wrapPromise/<@resource://gre/modules/ExtensionCommon.jsm:357:11
Nov 14, 2017 10:50:31.38 observe@resource://gre/modules/AsyncShutdown.jsm:534:9
Nov 14, 2017 10:50:31.38 ]]
Nov 14, 2017 10:50:31.38 Extension error: TypeError: response is undefined moz-extension://3d879513-6236-42f6-bea2-c559ae532ce5/background.js 666
Nov 14, 2017 10:50:31.38 [[Exception stack
Nov 14, 2017 10:50:31.38 count_cache_init/<@moz-extension://3d879513-6236-42f6-bea2-c559ae532ce5/background.js:666:1
Nov 14, 2017 10:50:31.38 Current stack
Nov 14, 2017 10:50:31.38 runSafeSyncWithoutClone@resource://gre/modules/ExtensionUtils.jsm:63:129
Nov 14, 2017 10:50:31.38 runSafeWithoutClone@resource://gre/modules/ExtensionCommon.jsm:174:38
Nov 14, 2017 10:50:31.38 wrapPromise/</<@resource://gre/modules/ExtensionCommon.jsm:363:15
Nov 14, 2017 10:50:31.38 withLastError@resource://gre/modules/ExtensionCommon.jsm:301:14
Nov 14, 2017 10:50:31.38 wrapPromise/<@resource://gre/modules/ExtensionCommon.jsm:357:11
Nov 14, 2017 10:50:31.38 observe@resource://gre/modules/AsyncShutdown.jsm:534:9
Nov 14, 2017 10:50:31.38 ]]
Nov 14, 2017 10:50:31.41 Extension error: TypeError: response is undefined moz-extension://3d879513-6236-42f6-bea2-c559ae532ce5/stats.js 95
Nov 14, 2017 10:50:31.41 [[Exception stack
Nov 14, 2017 10:50:31.41 checkUserId/userIDPromise</<@moz-extension://3d879513-6236-42f6-bea2-c559ae532ce5/stats.js:95:13
Nov 14, 2017 10:50:31.41 Current stack
Nov 14, 2017 10:50:31.41 runSafeSyncWithoutClone@resource://gre/modules/ExtensionUtils.jsm:63:129
Nov 14, 2017 10:50:31.41 runSafeWithoutClone@resource://gre/modules/ExtensionCommon.jsm:174:38
Nov 14, 2017 10:50:31.41 wrapPromise/</<@resource://gre/modules/ExtensionCommon.jsm:363:15
Nov 14, 2017 10:50:31.41 withLastError@resource://gre/modules/ExtensionCommon.jsm:301:14
Nov 14, 2017 10:50:31.41 wrapPromise/<@resource://gre/modules/ExtensionCommon.jsm:357:11
Nov 14, 2017 10:50:31.41 observe@resource://gre/modules/AsyncShutdown.jsm:534:9
Nov 14, 2017 10:50:31.41 ]]
Nov 14, 2017 10:50:31.42 Extension error: TypeError: response is undefined moz-extension://3d879513-6236-42f6-bea2-c559ae532ce5/background.js 553
Nov 14, 2017 10:50:31.42 [[Exception stack
Nov 14, 2017 10:50:31.42 get_custom_filters_text/<@moz-extension://3d879513-6236-42f6-bea2-c559ae532ce5/background.js:553:5
Nov 14, 2017 10:50:31.42 Current stack
Nov 14, 2017 10:50:31.42 runSafeSyncWithoutClone@resource://gre/modules/ExtensionUtils.jsm:63:129
Nov 14, 2017 10:50:31.42 runSafeWithoutClone@resource://gre/modules/ExtensionCommon.jsm:174:38
Nov 14, 2017 10:50:31.42 wrapPromise/</<@resource://gre/modules/ExtensionCommon.jsm:363:15
Nov 14, 2017 10:50:31.42 withLastError@resource://gre/modules/ExtensionCommon.jsm:301:14
Nov 14, 2017 10:50:31.42 wrapPromise/<@resource://gre/modules/ExtensionCommon.jsm:357:11
Nov 14, 2017 10:50:31.42 ]]
Nov 14, 2017 10:50:31.42 Extension error: TypeError: response is undefined moz-extension://3d879513-6236-42f6-bea2-c559ae532ce5/filtering/myfilters.js 562
Nov 14, 2017 10:50:31.42 [[Exception stack
Nov 14, 2017 10:50:31.42 MyFilters.prototype.checkFilterUpdates/<@moz-extension://3d879513-6236-42f6-bea2-c559ae532ce5/filtering/myfilters.js:562:9
Nov 14, 2017 10:50:31.42 Current stack
Nov 14, 2017 10:50:31.42 runSafeSyncWithoutClone@resource://gre/modules/ExtensionUtils.jsm:63:129
Nov 14, 2017 10:50:31.42 runSafeWithoutClone@resource://gre/modules/ExtensionCommon.jsm:174:38
Nov 14, 2017 10:50:31.42 wrapPromise/</<@resource://gre/modules/ExtensionCommon.jsm:363:15
Nov 14, 2017 10:50:31.42 withLastError@resource://gre/modules/ExtensionCommon.jsm:301:14
Nov 14, 2017 10:50:31.42 wrapPromise/<@resource://gre/modules/ExtensionCommon.jsm:357:11
Nov 14, 2017 10:50:31.42 ]]
Nov 14, 2017 10:50:31.53 *** UTM:SVC TimerManager:registerTimer - id: telemetry_modules_ping
Nov 14, 2017 10:50:31.53 *** UTM:SVC TimerManager:registerTimer called after profile-before-change notification. Ignoring timer registration for id: telemetry_modules_ping
Nov 14, 2017 10:50:32.68 1510636832681	addons.webextension.jid1-NIfFY2CA8fy1tg@jetpack	WARN	Please specify whether you want browser_style or not in your browser_action options.
Nov 14, 2017 10:50:33.79 Extension error: TypeError: getSettings(...) is undefined moz-extension://3d879513-6236-42f6-bea2-c559ae532ce5/background.js 818
Nov 14, 2017 10:50:33.79 [[Exception stack
Nov 14, 2017 10:50:33.79 getCurrentTabInfo/<@moz-extension://3d879513-6236-42f6-bea2-c559ae532ce5/background.js:818:22
Nov 14, 2017 10:50:33.79 Current stack
Nov 14, 2017 10:50:33.79 runSafeSyncWithoutClone@resource://gre/modules/ExtensionUtils.jsm:63:129
Nov 14, 2017 10:50:33.79 runSafeWithoutClone@resource://gre/modules/ExtensionCommon.jsm:174:38
Nov 14, 2017 10:50:33.79 wrapPromise/<@resource://gre/modules/ExtensionCommon.jsm:349:48
Nov 14, 2017 10:50:33.79 ]]
Nov 14, 2017 10:50:37.56 console.log: init received
Nov 14, 2017 18:17:57.61 1510663677614	addons.update-checker	WARN	Update manifest for aushelper@mozilla.org did not contain an updates property
Nov 14, 2017 18:17:57.74 1510663677741	addons.update-checker	WARN	Update manifest for webcompat@mozilla.org did not contain an updates property
Nov 14, 2017 18:17:57.79 1510663677793	addons.update-checker	WARN	Update manifest for firefox@getpocket.com did not contain an updates property
Nov 14, 2017 18:17:57.80 1510663677803	addons.update-checker	WARN	Update manifest for e10srollout@mozilla.org did not contain an updates property
Nov 14, 2017 18:17:57.87 1510663677870	addons.update-checker	WARN	Update manifest for clicktoplay-rollout@mozilla.org did not contain an updates property
Nov 14, 2017 18:17:57.90 1510663677900	addons.update-checker	WARN	Update manifest for formautofill@mozilla.org did not contain an updates property
Nov 14, 2017 18:17:57.97 1510663677969	addons.update-checker	WARN	Update manifest for onboarding@mozilla.org did not contain an updates property
Nov 14, 2017 18:17:58.01 1510663678017	addons.update-checker	WARN	Update manifest for activity-stream@mozilla.org did not contain an updates property
Nov 14, 2017 18:17:58.06 1510663678067	addons.update-checker	WARN	Update manifest for {972ce4c6-7e08-4474-a285-3208198ce6fd} did not contain an updates property
Nov 14, 2017 18:17:58.17 1510663678178	addons.update-checker	WARN	Update manifest for taarexp@mozilla.com did not contain an updates property
Nov 14, 2017 18:17:58.24 1510663678245	addons.update-checker	WARN	Update manifest for sbv4-gradual-rollout@mozilla.com did not contain an updates property
Nov 14, 2017 18:17:58.34 1510663678341	addons.update-checker	WARN	Update manifest for followonsearch@mozilla.com did not contain an updates property
Nov 14, 2017 18:17:58.39 1510663678395	addons.update-checker	WARN	Update manifest for timecop@mozilla.com did not contain an updates property
Nov 14, 2017 18:17:59.03 1510663679037	addons.xpi	ERROR	Failed to clean updated system add-ons directories.
Nov 14, 2017 18:42:46.03 console.log: shutdown APP_SHUTDOWN
Nov 14, 2017 18:42:46.15 Promise rejected after context unloaded: Message manager disconnected
Nov 14, 2017 18:43:07.88 1510665187885	addons.webextension.jid1-NIfFY2CA8fy1tg@jetpack	WARN	Please specify whether you want browser_style or not in your browser_action options.
Nov 14, 2017 18:43:08.66 *** UTM:SVC TimerManager:registerTimer called after profile-before-change notification. Ignoring timer registration for id: recipe-client-addon-run
Nov 14, 2017 18:43:08.72 Extension error: TypeError: response is undefined moz-extension://3d879513-6236-42f6-bea2-c559ae532ce5/settings.js 21
Nov 14, 2017 18:43:08.72 [[Exception stack
Nov 14, 2017 18:43:08.72 Settings/this._init</<@moz-extension://3d879513-6236-42f6-bea2-c559ae532ce5/settings.js:21:11
Nov 14, 2017 18:43:08.72 Current stack
Nov 14, 2017 18:43:08.72 runSafeSyncWithoutClone@resource://gre/modules/ExtensionUtils.jsm:63:129
Nov 14, 2017 18:43:08.72 runSafeWithoutClone@resource://gre/modules/ExtensionCommon.jsm:174:38
Nov 14, 2017 18:43:08.72 wrapPromise/</<@resource://gre/modules/ExtensionCommon.jsm:363:15
Nov 14, 2017 18:43:08.72 withLastError@resource://gre/modules/ExtensionCommon.jsm:301:14
Nov 14, 2017 18:43:08.72 wrapPromise/<@resource://gre/modules/ExtensionCommon.jsm:357:11
Nov 14, 2017 18:43:08.72 observe@resource://gre/modules/AsyncShutdown.jsm:534:9
Nov 14, 2017 18:43:08.72 ]]
Nov 14, 2017 18:43:08.72 Extension error: TypeError: response is undefined moz-extension://3d879513-6236-42f6-bea2-c559ae532ce5/stats.js 95
Nov 14, 2017 18:43:08.72 [[Exception stack
Nov 14, 2017 18:43:08.72 checkUserId/userIDPromise</<@moz-extension://3d879513-6236-42f6-bea2-c559ae532ce5/stats.js:95:13
Nov 14, 2017 18:43:08.72 Current stack
Nov 14, 2017 18:43:08.72 runSafeSyncWithoutClone@resource://gre/modules/ExtensionUtils.jsm:63:129
Nov 14, 2017 18:43:08.72 runSafeWithoutClone@resource://gre/modules/ExtensionCommon.jsm:174:38
Nov 14, 2017 18:43:08.72 wrapPromise/</<@resource://gre/modules/ExtensionCommon.jsm:363:15
Nov 14, 2017 18:43:08.72 withLastError@resource://gre/modules/ExtensionCommon.jsm:301:14
Nov 14, 2017 18:43:08.72 wrapPromise/<@resource://gre/modules/ExtensionCommon.jsm:357:11
Nov 14, 2017 18:43:08.72 observe@resource://gre/modules/AsyncShutdown.jsm:534:9
Nov 14, 2017 18:43:08.72 ]]
Nov 14, 2017 18:43:08.72 Extension error: TypeError: response is undefined moz-extension://3d879513-6236-42f6-bea2-c559ae532ce5/stats.js 95
Nov 14, 2017 18:43:08.72 [[Exception stack
Nov 14, 2017 18:43:08.72 checkUserId/userIDPromise</<@moz-extension://3d879513-6236-42f6-bea2-c559ae532ce5/stats.js:95:13
Nov 14, 2017 18:43:08.72 Current stack
Nov 14, 2017 18:43:08.72 runSafeSyncWithoutClone@resource://gre/modules/ExtensionUtils.jsm:63:129
Nov 14, 2017 18:43:08.72 runSafeWithoutClone@resource://gre/modules/ExtensionCommon.jsm:174:38
Nov 14, 2017 18:43:08.72 wrapPromise/</<@resource://gre/modules/ExtensionCommon.jsm:363:15
Nov 14, 2017 18:43:08.72 withLastError@resource://gre/modules/ExtensionCommon.jsm:301:14
Nov 14, 2017 18:43:08.72 wrapPromise/<@resource://gre/modules/ExtensionCommon.jsm:357:11
Nov 14, 2017 18:43:08.72 observe@resource://gre/modules/AsyncShutdown.jsm:534:9
Nov 14, 2017 18:43:08.72 ]]
Nov 14, 2017 18:43:08.72 Extension error: TypeError: response is undefined moz-extension://3d879513-6236-42f6-bea2-c559ae532ce5/background.js 666
Nov 14, 2017 18:43:08.72 [[Exception stack
Nov 14, 2017 18:43:08.72 count_cache_init/<@moz-extension://3d879513-6236-42f6-bea2-c559ae532ce5/background.js:666:1
Nov 14, 2017 18:43:08.72 Current stack
Nov 14, 2017 18:43:08.72 runSafeSyncWithoutClone@resource://gre/modules/ExtensionUtils.jsm:63:129
Nov 14, 2017 18:43:08.72 runSafeWithoutClone@resource://gre/modules/ExtensionCommon.jsm:174:38
Nov 14, 2017 18:43:08.72 wrapPromise/</<@resource://gre/modules/ExtensionCommon.jsm:363:15
Nov 14, 2017 18:43:08.72 withLastError@resource://gre/modules/ExtensionCommon.jsm:301:14
Nov 14, 2017 18:43:08.72 wrapPromise/<@resource://gre/modules/ExtensionCommon.jsm:357:11
Nov 14, 2017 18:43:08.72 observe@resource://gre/modules/AsyncShutdown.jsm:534:9
Nov 14, 2017 18:43:08.72 ]]
Nov 14, 2017 18:43:08.73 Extension error: TypeError: response is undefined moz-extension://3d879513-6236-42f6-bea2-c559ae532ce5/stats.js 95
Nov 14, 2017 18:43:08.73 [[Exception stack
Nov 14, 2017 18:43:08.73 checkUserId/userIDPromise</<@moz-extension://3d879513-6236-42f6-bea2-c559ae532ce5/stats.js:95:13
Nov 14, 2017 18:43:08.73 Current stack
Nov 14, 2017 18:43:08.73 runSafeSyncWithoutClone@resource://gre/modules/ExtensionUtils.jsm:63:129
Nov 14, 2017 18:43:08.73 runSafeWithoutClone@resource://gre/modules/ExtensionCommon.jsm:174:38
Nov 14, 2017 18:43:08.73 wrapPromise/</<@resource://gre/modules/ExtensionCommon.jsm:363:15
Nov 14, 2017 18:43:08.73 withLastError@resource://gre/modules/ExtensionCommon.jsm:301:14
Nov 14, 2017 18:43:08.73 wrapPromise/<@resource://gre/modules/ExtensionCommon.jsm:357:11
Nov 14, 2017 18:43:08.73 observe@resource://gre/modules/AsyncShutdown.jsm:534:9
Nov 14, 2017 18:43:08.73 ]]
Nov 14, 2017 18:43:08.74 Extension error: TypeError: response is undefined moz-extension://3d879513-6236-42f6-bea2-c559ae532ce5/background.js 553
Nov 14, 2017 18:43:08.74 [[Exception stack
Nov 14, 2017 18:43:08.74 get_custom_filters_text/<@moz-extension://3d879513-6236-42f6-bea2-c559ae532ce5/background.js:553:5
Nov 14, 2017 18:43:08.74 Current stack
Nov 14, 2017 18:43:08.74 runSafeSyncWithoutClone@resource://gre/modules/ExtensionUtils.jsm:63:129
Nov 14, 2017 18:43:08.74 runSafeWithoutClone@resource://gre/modules/ExtensionCommon.jsm:174:38
Nov 14, 2017 18:43:08.74 wrapPromise/</<@resource://gre/modules/ExtensionCommon.jsm:363:15
Nov 14, 2017 18:43:08.74 withLastError@resource://gre/modules/ExtensionCommon.jsm:301:14
Nov 14, 2017 18:43:08.74 wrapPromise/<@resource://gre/modules/ExtensionCommon.jsm:357:11
Nov 14, 2017 18:43:08.74 ]]
Nov 14, 2017 18:43:08.74 Extension error: TypeError: response is undefined moz-extension://3d879513-6236-42f6-bea2-c559ae532ce5/filtering/myfilters.js 562
Nov 14, 2017 18:43:08.74 [[Exception stack
Nov 14, 2017 18:43:08.74 MyFilters.prototype.checkFilterUpdates/<@moz-extension://3d879513-6236-42f6-bea2-c559ae532ce5/filtering/myfilters.js:562:9
Nov 14, 2017 18:43:08.74 Current stack
Nov 14, 2017 18:43:08.74 runSafeSyncWithoutClone@resource://gre/modules/ExtensionUtils.jsm:63:129
Nov 14, 2017 18:43:08.74 runSafeWithoutClone@resource://gre/modules/ExtensionCommon.jsm:174:38
Nov 14, 2017 18:43:08.74 wrapPromise/</<@resource://gre/modules/ExtensionCommon.jsm:363:15
Nov 14, 2017 18:43:08.74 withLastError@resource://gre/modules/ExtensionCommon.jsm:301:14
Nov 14, 2017 18:43:08.74 wrapPromise/<@resource://gre/modules/ExtensionCommon.jsm:357:11
Nov 14, 2017 18:43:08.74 ]]
Nov 14, 2017 18:43:08.80 *** UTM:SVC TimerManager:registerTimer - id: telemetry_modules_ping
Nov 14, 2017 18:43:08.80 *** UTM:SVC TimerManager:registerTimer called after profile-before-change notification. Ignoring timer registration for id: telemetry_modules_ping
Nov 14, 2017 18:43:09.65 1510665189656	addons.webextension.jid1-NIfFY2CA8fy1tg@jetpack	WARN	Please specify whether you want browser_style or not in your browser_action options.
Nov 14, 2017 18:43:10.17 Extension error: TypeError: getSettings(...) is undefined moz-extension://3d879513-6236-42f6-bea2-c559ae532ce5/background.js 818
Nov 14, 2017 18:43:10.17 [[Exception stack
Nov 14, 2017 18:43:10.17 getCurrentTabInfo/<@moz-extension://3d879513-6236-42f6-bea2-c559ae532ce5/background.js:818:22
Nov 14, 2017 18:43:10.17 Current stack
Nov 14, 2017 18:43:10.17 runSafeSyncWithoutClone@resource://gre/modules/ExtensionUtils.jsm:63:129
Nov 14, 2017 18:43:10.17 runSafeWithoutClone@resource://gre/modules/ExtensionCommon.jsm:174:38
Nov 14, 2017 18:43:10.17 wrapPromise/<@resource://gre/modules/ExtensionCommon.jsm:349:48
Nov 14, 2017 18:43:10.17 ]]
Nov 14, 2017 18:43:10.54 Extension error: TypeError: getSettings(...) is undefined moz-extension://3d879513-6236-42f6-bea2-c559ae532ce5/background.js 818
Nov 14, 2017 18:43:10.54 [[Exception stack
Nov 14, 2017 18:43:10.54 getCurrentTabInfo/<@moz-extension://3d879513-6236-42f6-bea2-c559ae532ce5/background.js:818:22
Nov 14, 2017 18:43:10.54 Current stack
Nov 14, 2017 18:43:10.54 runSafeSyncWithoutClone@resource://gre/modules/ExtensionUtils.jsm:63:129
Nov 14, 2017 18:43:10.54 runSafeWithoutClone@resource://gre/modules/ExtensionCommon.jsm:174:38
Nov 14, 2017 18:43:10.54 wrapPromise/<@resource://gre/modules/ExtensionCommon.jsm:349:48
Nov 14, 2017 18:43:10.54 ]]
Nov 14, 2017 18:43:10.54 Extension error: TypeError: getSettings(...) is undefined moz-extension://3d879513-6236-42f6-bea2-c559ae532ce5/background.js 818
Nov 14, 2017 18:43:10.54 [[Exception stack
Nov 14, 2017 18:43:10.54 getCurrentTabInfo/<@moz-extension://3d879513-6236-42f6-bea2-c559ae532ce5/background.js:818:22
Nov 14, 2017 18:43:10.54 Current stack
Nov 14, 2017 18:43:10.54 runSafeSyncWithoutClone@resource://gre/modules/ExtensionUtils.jsm:63:129
Nov 14, 2017 18:43:10.54 runSafeWithoutClone@resource://gre/modules/ExtensionCommon.jsm:174:38
Nov 14, 2017 18:43:10.54 wrapPromise/<@resource://gre/modules/ExtensionCommon.jsm:349:48
Nov 14, 2017 18:43:10.54 ]]
Nov 14, 2017 18:43:13.27 console.log: init received

Nov 15, 2017 10:41:44.21 NEW SESSION
Nov 15, 2017 10:41:44.21 1510722704211	addons.webextension.jid1-NIfFY2CA8fy1tg@jetpack	WARN	Please specify whether you want browser_style or not in your browser_action options.
Nov 15, 2017 10:41:45.45 *** UTM:SVC TimerManager:registerTimer called after profile-before-change notification. Ignoring timer registration for id: recipe-client-addon-run
Nov 15, 2017 10:41:45.58 Extension error: TypeError: response is undefined moz-extension://3d879513-6236-42f6-bea2-c559ae532ce5/settings.js 21
Nov 15, 2017 10:41:45.58 [[Exception stack
Nov 15, 2017 10:41:45.58 Settings/this._init</<@moz-extension://3d879513-6236-42f6-bea2-c559ae532ce5/settings.js:21:11
Nov 15, 2017 10:41:45.58 Current stack
Nov 15, 2017 10:41:45.58 runSafeSyncWithoutClone@resource://gre/modules/ExtensionUtils.jsm:63:129
Nov 15, 2017 10:41:45.58 runSafeWithoutClone@resource://gre/modules/ExtensionCommon.jsm:174:38
Nov 15, 2017 10:41:45.58 wrapPromise/</<@resource://gre/modules/ExtensionCommon.jsm:363:15
Nov 15, 2017 10:41:45.58 withLastError@resource://gre/modules/ExtensionCommon.jsm:301:14
Nov 15, 2017 10:41:45.58 wrapPromise/<@resource://gre/modules/ExtensionCommon.jsm:357:11
Nov 15, 2017 10:41:45.58 observe@resource://gre/modules/AsyncShutdown.jsm:534:9
Nov 15, 2017 10:41:45.58 ]]
Nov 15, 2017 10:41:45.58 Extension error: TypeError: response is undefined moz-extension://3d879513-6236-42f6-bea2-c559ae532ce5/stats.js 95
Nov 15, 2017 10:41:45.58 [[Exception stack
Nov 15, 2017 10:41:45.58 checkUserId/userIDPromise</<@moz-extension://3d879513-6236-42f6-bea2-c559ae532ce5/stats.js:95:13
Nov 15, 2017 10:41:45.58 Current stack
Nov 15, 2017 10:41:45.58 runSafeSyncWithoutClone@resource://gre/modules/ExtensionUtils.jsm:63:129
Nov 15, 2017 10:41:45.58 runSafeWithoutClone@resource://gre/modules/ExtensionCommon.jsm:174:38
Nov 15, 2017 10:41:45.58 wrapPromise/</<@resource://gre/modules/ExtensionCommon.jsm:363:15
Nov 15, 2017 10:41:45.58 withLastError@resource://gre/modules/ExtensionCommon.jsm:301:14
Nov 15, 2017 10:41:45.58 wrapPromise/<@resource://gre/modules/ExtensionCommon.jsm:357:11
Nov 15, 2017 10:41:45.58 observe@resource://gre/modules/AsyncShutdown.jsm:534:9
Nov 15, 2017 10:41:45.58 ]]
Nov 15, 2017 10:41:45.58 Extension error: TypeError: response is undefined moz-extension://3d879513-6236-42f6-bea2-c559ae532ce5/stats.js 95
Nov 15, 2017 10:41:45.58 [[Exception stack
Nov 15, 2017 10:41:45.58 checkUserId/userIDPromise</<@moz-extension://3d879513-6236-42f6-bea2-c559ae532ce5/stats.js:95:13
Nov 15, 2017 10:41:45.58 Current stack
Nov 15, 2017 10:41:45.58 runSafeSyncWithoutClone@resource://gre/modules/ExtensionUtils.jsm:63:129
Nov 15, 2017 10:41:45.58 runSafeWithoutClone@resource://gre/modules/ExtensionCommon.jsm:174:38
Nov 15, 2017 10:41:45.58 wrapPromise/</<@resource://gre/modules/ExtensionCommon.jsm:363:15
Nov 15, 2017 10:41:45.58 withLastError@resource://gre/modules/ExtensionCommon.jsm:301:14
Nov 15, 2017 10:41:45.58 wrapPromise/<@resource://gre/modules/ExtensionCommon.jsm:357:11
Nov 15, 2017 10:41:45.58 observe@resource://gre/modules/AsyncShutdown.jsm:534:9
Nov 15, 2017 10:41:45.58 ]]
Nov 15, 2017 10:41:45.58 Extension error: TypeError: response is undefined moz-extension://3d879513-6236-42f6-bea2-c559ae532ce5/background.js 666
Nov 15, 2017 10:41:45.58 [[Exception stack
Nov 15, 2017 10:41:45.58 count_cache_init/<@moz-extension://3d879513-6236-42f6-bea2-c559ae532ce5/background.js:666:1
Nov 15, 2017 10:41:45.58 Current stack
Nov 15, 2017 10:41:45.58 runSafeSyncWithoutClone@resource://gre/modules/ExtensionUtils.jsm:63:129
Nov 15, 2017 10:41:45.58 runSafeWithoutClone@resource://gre/modules/ExtensionCommon.jsm:174:38
Nov 15, 2017 10:41:45.58 wrapPromise/</<@resource://gre/modules/ExtensionCommon.jsm:363:15
Nov 15, 2017 10:41:45.58 withLastError@resource://gre/modules/ExtensionCommon.jsm:301:14
Nov 15, 2017 10:41:45.58 wrapPromise/<@resource://gre/modules/ExtensionCommon.jsm:357:11
Nov 15, 2017 10:41:45.58 observe@resource://gre/modules/AsyncShutdown.jsm:534:9
Nov 15, 2017 10:41:45.58 ]]
Nov 15, 2017 10:41:45.60 Extension error: TypeError: response is undefined moz-extension://3d879513-6236-42f6-bea2-c559ae532ce5/stats.js 95
Nov 15, 2017 10:41:45.60 [[Exception stack
Nov 15, 2017 10:41:45.60 checkUserId/userIDPromise</<@moz-extension://3d879513-6236-42f6-bea2-c559ae532ce5/stats.js:95:13
Nov 15, 2017 10:41:45.60 Current stack
Nov 15, 2017 10:41:45.60 runSafeSyncWithoutClone@resource://gre/modules/ExtensionUtils.jsm:63:129
Nov 15, 2017 10:41:45.60 runSafeWithoutClone@resource://gre/modules/ExtensionCommon.jsm:174:38
Nov 15, 2017 10:41:45.60 wrapPromise/</<@resource://gre/modules/ExtensionCommon.jsm:363:15
Nov 15, 2017 10:41:45.60 withLastError@resource://gre/modules/ExtensionCommon.jsm:301:14
Nov 15, 2017 10:41:45.60 wrapPromise/<@resource://gre/modules/ExtensionCommon.jsm:357:11
Nov 15, 2017 10:41:45.60 observe@resource://gre/modules/AsyncShutdown.jsm:534:9
Nov 15, 2017 10:41:45.60 ]]
Nov 15, 2017 10:41:45.60 Extension error: TypeError: response is undefined moz-extension://3d879513-6236-42f6-bea2-c559ae532ce5/background.js 553
Nov 15, 2017 10:41:45.60 [[Exception stack
Nov 15, 2017 10:41:45.60 get_custom_filters_text/<@moz-extension://3d879513-6236-42f6-bea2-c559ae532ce5/background.js:553:5
Nov 15, 2017 10:41:45.60 Current stack
Nov 15, 2017 10:41:45.60 runSafeSyncWithoutClone@resource://gre/modules/ExtensionUtils.jsm:63:129
Nov 15, 2017 10:41:45.60 runSafeWithoutClone@resource://gre/modules/ExtensionCommon.jsm:174:38
Nov 15, 2017 10:41:45.60 wrapPromise/</<@resource://gre/modules/ExtensionCommon.jsm:363:15
Nov 15, 2017 10:41:45.60 withLastError@resource://gre/modules/ExtensionCommon.jsm:301:14
Nov 15, 2017 10:41:45.60 wrapPromise/<@resource://gre/modules/ExtensionCommon.jsm:357:11
Nov 15, 2017 10:41:45.60 ]]
Nov 15, 2017 10:41:45.60 Extension error: TypeError: response is undefined moz-extension://3d879513-6236-42f6-bea2-c559ae532ce5/filtering/myfilters.js 562
Nov 15, 2017 10:41:45.60 [[Exception stack
Nov 15, 2017 10:41:45.60 MyFilters.prototype.checkFilterUpdates/<@moz-extension://3d879513-6236-42f6-bea2-c559ae532ce5/filtering/myfilters.js:562:9
Nov 15, 2017 10:41:45.60 Current stack
Nov 15, 2017 10:41:45.60 runSafeSyncWithoutClone@resource://gre/modules/ExtensionUtils.jsm:63:129
Nov 15, 2017 10:41:45.60 runSafeWithoutClone@resource://gre/modules/ExtensionCommon.jsm:174:38
Nov 15, 2017 10:41:45.61 wrapPromise/</<@resource://gre/modules/ExtensionCommon.jsm:363:15
Nov 15, 2017 10:41:45.61 withLastError@resource://gre/modules/ExtensionCommon.jsm:301:14
Nov 15, 2017 10:41:45.61 wrapPromise/<@resource://gre/modules/ExtensionCommon.jsm:357:11
Nov 15, 2017 10:41:45.61 ]]
Nov 15, 2017 10:41:45.68 *** UTM:SVC TimerManager:registerTimer - id: telemetry_modules_ping
Nov 15, 2017 10:41:45.68 *** UTM:SVC TimerManager:registerTimer called after profile-before-change notification. Ignoring timer registration for id: telemetry_modules_ping
Nov 15, 2017 10:41:47.02 1510722707026	addons.webextension.jid1-NIfFY2CA8fy1tg@jetpack	WARN	Please specify whether you want browser_style or not in your browser_action options.
Nov 15, 2017 10:41:47.80 Extension error: TypeError: getSettings(...) is undefined moz-extension://3d879513-6236-42f6-bea2-c559ae532ce5/background.js 818
Nov 15, 2017 10:41:47.80 [[Exception stack
Nov 15, 2017 10:41:47.80 getCurrentTabInfo/<@moz-extension://3d879513-6236-42f6-bea2-c559ae532ce5/background.js:818:22
Nov 15, 2017 10:41:47.80 Current stack
Nov 15, 2017 10:41:47.80 runSafeSyncWithoutClone@resource://gre/modules/ExtensionUtils.jsm:63:129
Nov 15, 2017 10:41:47.80 runSafeWithoutClone@resource://gre/modules/ExtensionCommon.jsm:174:38
Nov 15, 2017 10:41:47.80 wrapPromise/<@resource://gre/modules/ExtensionCommon.jsm:349:48
Nov 15, 2017 10:41:47.80 ]]
Nov 15, 2017 10:41:48.56 Extension error: TypeError: getSettings(...) is undefined moz-extension://3d879513-6236-42f6-bea2-c559ae532ce5/background.js 818
Nov 15, 2017 10:41:48.56 [[Exception stack
Nov 15, 2017 10:41:48.56 getCurrentTabInfo/<@moz-extension://3d879513-6236-42f6-bea2-c559ae532ce5/background.js:818:22
Nov 15, 2017 10:41:48.56 Current stack
Nov 15, 2017 10:41:48.56 runSafeSyncWithoutClone@resource://gre/modules/ExtensionUtils.jsm:63:129
Nov 15, 2017 10:41:48.56 runSafeWithoutClone@resource://gre/modules/ExtensionCommon.jsm:174:38
Nov 15, 2017 10:41:48.56 wrapPromise/<@resource://gre/modules/ExtensionCommon.jsm:349:48
Nov 15, 2017 10:41:48.56 ]]
Nov 15, 2017 10:41:48.65 Extension error: TypeError: getSettings(...) is undefined moz-extension://3d879513-6236-42f6-bea2-c559ae532ce5/background.js 818
Nov 15, 2017 10:41:48.65 [[Exception stack
Nov 15, 2017 10:41:48.65 getCurrentTabInfo/<@moz-extension://3d879513-6236-42f6-bea2-c559ae532ce5/background.js:818:22
Nov 15, 2017 10:41:48.65 Current stack
Nov 15, 2017 10:41:48.65 runSafeSyncWithoutClone@resource://gre/modules/ExtensionUtils.jsm:63:129
Nov 15, 2017 10:41:48.65 runSafeWithoutClone@resource://gre/modules/ExtensionCommon.jsm:174:38
Nov 15, 2017 10:41:48.65 wrapPromise/<@resource://gre/modules/ExtensionCommon.jsm:349:48
Nov 15, 2017 10:41:48.65 ]]
Nov 15, 2017 10:41:51.49 console.log: init received
Nov 15, 2017 18:18:03.45 1510750083452	addons.update-checker	WARN	Update manifest for firefox@getpocket.com did not contain an updates property
Nov 15, 2017 18:18:03.69 1510750083699	addons.update-checker	WARN	Update manifest for webcompat@mozilla.org did not contain an updates property
Nov 15, 2017 18:18:03.71 1510750083710	addons.update-checker	WARN	Update manifest for e10srollout@mozilla.org did not contain an updates property
Nov 15, 2017 18:18:03.72 1510750083728	addons.update-checker	WARN	Update manifest for clicktoplay-rollout@mozilla.org did not contain an updates property
Nov 15, 2017 18:18:03.82 1510750083822	addons.update-checker	WARN	Update manifest for aushelper@mozilla.org did not contain an updates property
Nov 15, 2017 18:18:03.95 1510750083955	addons.update-checker	WARN	Update manifest for formautofill@mozilla.org did not contain an updates property
Nov 15, 2017 18:18:03.96 1510750083966	addons.update-checker	WARN	Update manifest for activity-stream@mozilla.org did not contain an updates property
Nov 15, 2017 18:18:03.97 1510750083976	addons.update-checker	WARN	Update manifest for onboarding@mozilla.org did not contain an updates property
Nov 15, 2017 18:18:03.98 1510750083987	addons.update-checker	WARN	Update manifest for {972ce4c6-7e08-4474-a285-3208198ce6fd} did not contain an updates property
Nov 15, 2017 18:18:04.23 1510750084234	addons.update-checker	WARN	Update manifest for sbv4-gradual-rollout@mozilla.com did not contain an updates property
Nov 15, 2017 18:18:04.26 1510750084262	addons.update-checker	WARN	Update manifest for followonsearch@mozilla.com did not contain an updates property
Nov 15, 2017 18:18:04.30 1510750084305	addons.update-checker	WARN	Update manifest for taarexp@mozilla.com did not contain an updates property
Nov 15, 2017 18:18:04.46 1510750084469	addons.update-checker	WARN	Update manifest for timecop@mozilla.com did not contain an updates property
Nov 15, 2017 18:18:06.85 1510750086853	addons.xpi	ERROR	Failed to clean updated system add-ons directories.
Nov 15, 2017 18:18:08.18 1510750088185	addons.xpi	WARN	Please specify whether you want browser_style or not in your options_ui options.
Nov 15, 2017 18:18:08.30 console.log: Just installed jid1-NIfFY2CA8fy1tg@jetpack from other
Nov 15, 2017 18:18:08.40 1510750088403	addons.webextension.jid1-NIfFY2CA8fy1tg@jetpack	WARN	Please specify whether you want browser_style or not in your browser_action options.
Nov 15, 2017 18:50:11.37 console.log: shutdown APP_SHUTDOWN
Nov 15, 2017 18:50:11.47 Promise rejected after context unloaded: Message manager disconnected
